#
# A fatal error has been detected by the Java Runtime Environment:
#
#  EXCEPTION_ACCESS_VIOLATION (0xc0000005) at pc=0x00007ffb9e11c9e6, pid=10864, tid=14388
#
# JRE version: OpenJDK Runtime Environment (11.0.10) (build 11.0.10+0-b96-7249189)
# Java VM: OpenJDK 64-Bit Server VM (11.0.10+0-b96-7249189, mixed mode, tiered, compressed oops, g1 gc, windows-amd64)
# Problematic frame:
# V  [jvm.dll+0x18c9e6]
#
# No core dump will be written. Minidumps are not enabled by default on client versions of Windows
#
# If you would like to submit a bug report, please visit:
#   https://bugreport.java.com/bugreport/crash.jsp
#

---------------  S U M M A R Y ------------

Command Line: --add-opens=java.base/java.util=ALL-UNNAMED --add-opens=java.base/java.lang=ALL-UNNAMED --add-opens=java.base/java.lang.invoke=ALL-UNNAMED --add-opens=java.base/java.util=ALL-UNNAMED --add-opens=java.prefs/java.util.prefs=ALL-UNNAMED --add-opens=java.prefs/java.util.prefs=ALL-UNNAMED --add-opens=java.base/java.nio.charset=ALL-UNNAMED --add-opens=java.base/java.net=ALL-UNNAMED --add-opens=java.base/java.util.concurrent.atomic=ALL-UNNAMED -Xmx2048m -Dfile.encoding=UTF-8 -Duser.country=MY -Duser.language=en -Duser.variant org.gradle.launcher.daemon.bootstrap.GradleDaemon 7.0.2

Host: AMD Ryzen 5 3500U with Radeon Vega Mobile Gfx  , 8 cores, 6G,  Windows 10 , 64 bit Build 19041 (10.0.19041.2546)
Time: Thu Feb 23 17:50:51 2023 Malay Peninsula Standard Time elapsed time: 8.193261 seconds (0d 0h 0m 8s)

---------------  T H R E A D  ---------------

Current thread (0x000001d11e1dd000):  ConcurrentGCThread "G1 Conc#0" [stack: 0x0000001df4800000,0x0000001df4900000] [id=14388]

Stack: [0x0000001df4800000,0x0000001df4900000],  sp=0x0000001df48ff738,  free space=1021k
Native frames: (J=compiled Java code, j=interpreted, Vv=VM code, C=native code)
V  [jvm.dll+0x18c9e6]


siginfo: EXCEPTION_ACCESS_VIOLATION (0xc0000005), reading address 0x0000000000000350


Register to memory mapping:

RIP=0x00007ffb9e11c9e6 jvm.dll
RAX=0x0000000000000001 is an unknown value
RBX=0x00000000801d6968 is pointing into object: [B 
{0x00000000801d6940} - klass: {type array byte}
 - length: 33
RCX=0x00000000801d6968 is pointing into object: [B 
{0x00000000801d6940} - klass: {type array byte}
 - length: 33
RDX=0x00000000801d6968 is pointing into object: [B 
{0x00000000801d6940} - klass: {type array byte}
 - length: 33
RSP=0x0000001df48ff738 points into unknown readable memory: 0x00007ffb9e26a4ea | ea a4 26 9e fb 7f 00 00
RBP=0x000001d11e1d31e0 points into unknown readable memory: 0x000001d11e1dc000 | 00 c0 1d 1e d1 01 00 00
RSI=0x0000000000000001 is an unknown value
RDI=0x0 is NULL
R8 =0x0 is NULL
R9 =0x0000000000000348 is an unknown value
R10=0x000001d11e1d31e0 points into unknown readable memory: 0x000001d11e1dc000 | 00 c0 1d 1e d1 01 00 00
R11=0x0000001df48ff7e0 points into unknown readable memory: 0x00007ffb9e7aef58 | 58 ef 7a 9e fb 7f 00 00
R12=0x0 is NULL
R13=0x0 is NULL
R14=0x0 is NULL
R15=0x0000000084f29ec8 is an oop: java.lang.reflect.Method 
{0x0000000084f29ec8} - klass: 'java/lang/reflect/Method'


Registers:
RAX=0x0000000000000001, RBX=0x00000000801d6968, RCX=0x00000000801d6968, RDX=0x00000000801d6968
RSP=0x0000001df48ff738, RBP=0x000001d11e1d31e0, RSI=0x0000000000000001, RDI=0x0000000000000000
R8 =0x0000000000000000, R9 =0x0000000000000348, R10=0x000001d11e1d31e0, R11=0x0000001df48ff7e0
R12=0x0000000000000000, R13=0x0000000000000000, R14=0x0000000000000000, R15=0x0000000084f29ec8
RIP=0x00007ffb9e11c9e6, EFLAGS=0x0000000000010206

Top of Stack: (sp=0x0000001df48ff738)
0x0000001df48ff738:   00007ffb9e26a4ea 00000000801d6968
0x0000001df48ff748:   0000000100009648 00000000820835f0
0x0000001df48ff758:   0000001df48ff7e0 0000000100009650
0x0000001df48ff768:   00007ffb9e26f3eb 0000000100009648
0x0000001df48ff778:   0000000084f29f20 0000000084f29ef8
0x0000001df48ff788:   0000001df48ff7e0 0000000000000000
0x0000001df48ff798:   0000000000000000 000000000000000c
0x0000001df48ff7a8:   00007ffb9e923250 000000000000000b
0x0000001df48ff7b8:   00007ffb9e2759a1 0000000000000000
0x0000001df48ff7c8:   00000001000091a8 0000000085000000
0x0000001df48ff7d8:   0000000084f29ec8 00007ffb9e7aef58
0x0000001df48ff7e8:   0000000000000000 000001d11e198890
0x0000001df48ff7f8:   000001d11e1d31e0 0000000000000000
0x0000001df48ff808:   0000000000000001 0000000000000000
0x0000001df48ff818:   0000001df47ff250 0000000000000000
0x0000001df48ff828:   00007ffb9e276fcf 000001d11e1d3288 

Instructions: (pc=0x00007ffb9e11c9e6)
0x00007ffb9e11c8e6:   82 00 48 d3 e0 48 03 05 1e 22 82 00 eb 04 48 8b
0x00007ffb9e11c8f6:   43 08 81 78 08 00 00 00 c0 73 7d 48 8b 4f 38 48
0x00007ffb9e11c906:   8b d3 48 8b 01 ff 50 20 84 c0 75 6c 38 05 80 ac
0x00007ffb9e11c916:   86 00 74 15 8b 53 08 8b 0d f5 21 82 00 48 d3 e2
0x00007ffb9e11c926:   48 03 15 e3 21 82 00 eb 04 48 8b 53 08 48 8b cb
0x00007ffb9e11c936:   48 89 5c 24 20 e8 a0 00 00 00 80 7f 30 00 48 63
0x00007ffb9e11c946:   c8 48 89 4c 24 28 0f 28 44 24 20 74 17 0f 11 86
0x00007ffb9e11c956:   98 03 00 00 48 8b 5c 24 40 48 8b 74 24 48 48 83
0x00007ffb9e11c966:   c4 30 5f c3 48 8b 07 48 8d 54 24 20 48 8b cf 66
0x00007ffb9e11c976:   0f 7f 44 24 20 ff 50 38 48 8b 5c 24 40 48 8b 74
0x00007ffb9e11c986:   24 48 48 83 c4 30 5f c3 cc cc 48 8b 49 38 48 8b
0x00007ffb9e11c996:   01 48 ff 60 28 cc cc cc cc cc 80 3d f1 ab 86 00
0x00007ffb9e11c9a6:   00 48 8b c1 74 1b 8b 51 08 8b 0d 63 21 82 00 48
0x00007ffb9e11c9b6:   d3 e2 48 8b c8 48 03 15 4e 21 82 00 e9 19 00 00
0x00007ffb9e11c9c6:   00 48 8b 51 08 48 8b c8 e9 0d 00 00 00 cc cc cc
0x00007ffb9e11c9d6:   cc cc cc cc cc cc cc cc cc cc 4c 8b ca 48 8b d1
0x00007ffb9e11c9e6:   45 8b 41 08 45 85 c0 7e 0e 41 f6 c0 01 75 59 41
0x00007ffb9e11c9f6:   c1 f8 03 41 8b c0 c3 79 4f 80 3d 92 ab 86 00 00
0x00007ffb9e11ca06:   b8 0c 00 00 00 b9 10 00 00 00 0f 45 c8 8b 05 ab
0x00007ffb9e11ca16:   6c 80 00 ff c8 4c 63 c8 48 63 c1 41 8b c8 83 e1
0x00007ffb9e11ca26:   3f 48 63 14 10 41 8b c0 48 c1 f8 10 0f b6 c0 48
0x00007ffb9e11ca36:   d3 e2 49 8d 0c 11 49 f7 d1 48 03 c1 49 c1 e9 03
0x00007ffb9e11ca46:   48 c1 e8 03 41 23 c1 c3 49 8b 01 49 8b c9 48 ff
0x00007ffb9e11ca56:   a0 10 01 00 00 cc cc cc cc cc 48 83 ec 38 0f 10
0x00007ffb9e11ca66:   02 48 8b 49 38 48 8d 54 24 20 0f 29 44 24 20 e8
0x00007ffb9e11ca76:   56 f0 ff ff 48 83 c4 38 c3 cc 48 89 5c 24 08 55
0x00007ffb9e11ca86:   56 57 41 54 41 55 41 56 41 57 48 8d 6c 24 e0 48
0x00007ffb9e11ca96:   81 ec 20 01 00 00 48 8b 05 5d a5 83 00 48 33 c4
0x00007ffb9e11caa6:   48 89 45 10 48 8b 05 df 15 86 00 45 33 ed 4c 8b
0x00007ffb9e11cab6:   b5 80 00 00 00 4c 8b fa 48 8b bd 88 00 00 00 4d
0x00007ffb9e11cac6:   8b c6 49 8b d6 49 8b f1 48 8b 48 38 48 8b 59 48
0x00007ffb9e11cad6:   49 8b cf c7 45 c0 ff ff ff ff 44 89 6d d4 4c 89 


Stack slot to memory mapping:
stack at sp + 0 slots: 0x00007ffb9e26a4ea jvm.dll
stack at sp + 1 slots: 0x00000000801d6968 is pointing into object: [B 
{0x00000000801d6940} - klass: {type array byte}
 - length: 33
stack at sp + 2 slots: 0x0000000100009648 is pointing into metadata
stack at sp + 3 slots: 0x00000000820835f0 is an oop: org.codehaus.groovy.reflection.stdclasses.CachedClosureClass 
{0x00000000820835f0} - klass: 'org/codehaus/groovy/reflection/stdclasses/CachedClosureClass'
stack at sp + 4 slots: 0x0000001df48ff7e0 points into unknown readable memory: 0x00007ffb9e7aef58 | 58 ef 7a 9e fb 7f 00 00
stack at sp + 5 slots: 0x0000000100009650 is a pointer to class: 
java.lang.reflect.Constructor {0x0000000100009658}
stack at sp + 6 slots: 0x00007ffb9e26f3eb jvm.dll
stack at sp + 7 slots: 0x0000000100009648 is pointing into metadata


---------------  P R O C E S S  ---------------

Threads class SMR info:
_java_thread_list=0x000001d13ee95800, length=42, elements={
0x000001d11e18b800, 0x000001d1385da000, 0x000001d1385df800, 0x000001d1385f5000,
0x000001d1385f6000, 0x000001d1385f8000, 0x000001d1385fb000, 0x000001d1385ff800,
0x000001d13860f000, 0x000001d1390d2800, 0x000001d13a8c9800, 0x000001d13a316800,
0x000001d1391d2000, 0x000001d13aebd000, 0x000001d13ba1b000, 0x000001d13bb54000,
0x000001d13a596000, 0x000001d139a5c000, 0x000001d139a5d800, 0x000001d13b8c6000,
0x000001d13b8ca800, 0x000001d13b8c9800, 0x000001d13b8cb000, 0x000001d13b8c8800,
0x000001d13b8c5800, 0x000001d13b8cc000, 0x000001d13b8c7000, 0x000001d13b8c8000,
0x000001d13e359000, 0x000001d13e356800, 0x000001d13e35a000, 0x000001d13e355000,
0x000001d13e358000, 0x000001d13e357800, 0x000001d13e35a800, 0x000001d13e35b800,
0x000001d13e355800, 0x000001d13e361000, 0x000001d13e362000, 0x000001d13c3d9000,
0x000001d13e99a000, 0x000001d13e363000
}

Java Threads: ( => current thread )
  0x000001d11e18b800 JavaThread "main" [_thread_blocked, id=2400, stack(0x0000001df4500000,0x0000001df4600000)]
  0x000001d1385da000 JavaThread "Reference Handler" daemon [_thread_blocked, id=12304, stack(0x0000001df4c00000,0x0000001df4d00000)]
  0x000001d1385df800 JavaThread "Finalizer" daemon [_thread_blocked, id=4932, stack(0x0000001df4d00000,0x0000001df4e00000)]
  0x000001d1385f5000 JavaThread "Signal Dispatcher" daemon [_thread_blocked, id=14776, stack(0x0000001df4e00000,0x0000001df4f00000)]
  0x000001d1385f6000 JavaThread "Attach Listener" daemon [_thread_blocked, id=4508, stack(0x0000001df4f00000,0x0000001df5000000)]
  0x000001d1385f8000 JavaThread "Service Thread" daemon [_thread_blocked, id=6428, stack(0x0000001df5000000,0x0000001df5100000)]
  0x000001d1385fb000 JavaThread "C2 CompilerThread0" daemon [_thread_blocked, id=10552, stack(0x0000001df5100000,0x0000001df5200000)]
  0x000001d1385ff800 JavaThread "C1 CompilerThread0" daemon [_thread_blocked, id=16004, stack(0x0000001df5200000,0x0000001df5300000)]
  0x000001d13860f000 JavaThread "Sweeper thread" daemon [_thread_blocked, id=13428, stack(0x0000001df5300000,0x0000001df5400000)]
  0x000001d1390d2800 JavaThread "Common-Cleaner" daemon [_thread_blocked, id=10276, stack(0x0000001df5400000,0x0000001df5500000)]
  0x000001d13a8c9800 JavaThread "Daemon health stats" [_thread_blocked, id=7356, stack(0x0000001df5900000,0x0000001df5a00000)]
  0x000001d13a316800 JavaThread "Incoming local TCP Connector on port 62247" [_thread_in_native, id=16224, stack(0x0000001df5600000,0x0000001df5700000)]
  0x000001d1391d2000 JavaThread "Daemon periodic checks" [_thread_blocked, id=7424, stack(0x0000001df5800000,0x0000001df5900000)]
  0x000001d13aebd000 JavaThread "Daemon" [_thread_blocked, id=7436, stack(0x0000001df5a00000,0x0000001df5b00000)]
  0x000001d13ba1b000 JavaThread "Handler for socket connection from /127.0.0.1:62247 to /127.0.0.1:62248" [_thread_in_native, id=15464, stack(0x0000001df5b00000,0x0000001df5c00000)]
  0x000001d13bb54000 JavaThread "Cancel handler" [_thread_blocked, id=17348, stack(0x0000001df5c00000,0x0000001df5d00000)]
  0x000001d13a596000 JavaThread "Daemon worker" [_thread_in_vm, id=12744, stack(0x0000001df5d00000,0x0000001df5e00000)]
  0x000001d139a5c000 JavaThread "Asynchronous log dispatcher for DefaultDaemonConnection: socket connection from /127.0.0.1:62247 to /127.0.0.1:62248" [_thread_blocked, id=10744, stack(0x0000001df5e00000,0x0000001df5f00000)]
  0x000001d139a5d800 JavaThread "Stdin handler" [_thread_blocked, id=16048, stack(0x0000001df5f00000,0x0000001df6000000)]
  0x000001d13b8c6000 JavaThread "Daemon client event forwarder" [_thread_blocked, id=3252, stack(0x0000001df6000000,0x0000001df6100000)]
  0x000001d13b8ca800 JavaThread "Cache worker for file hash cache (C:\Users\nkeih\.gradle\caches\7.0.2\fileHashes)" [_thread_blocked, id=9028, stack(0x0000001df6800000,0x0000001df6900000)]
  0x000001d13b8c9800 JavaThread "File lock request listener" [_thread_in_native, id=12436, stack(0x0000001df6900000,0x0000001df6a00000)]
  0x000001d13b8cb000 JavaThread "Cache worker for journal cache (C:\Users\nkeih\.gradle\caches\journal-1)" [_thread_blocked, id=13644, stack(0x0000001df6b00000,0x0000001df6c00000)]
  0x000001d13b8c8800 JavaThread "Cache worker for file hash cache (C:\Individualassignment\.gradle\7.0.2\fileHashes)" [_thread_blocked, id=5368, stack(0x0000001df6e00000,0x0000001df6f00000)]
  0x000001d13b8c5800 JavaThread "File watcher server" daemon [_thread_in_native, id=11556, stack(0x0000001df6f00000,0x0000001df7000000)]
  0x000001d13b8cc000 JavaThread "File watcher consumer" daemon [_thread_blocked, id=14396, stack(0x0000001df7000000,0x0000001df7100000)]
  0x000001d13b8c7000 JavaThread "jar transforms" [_thread_blocked, id=10104, stack(0x0000001df7100000,0x0000001df7200000)]
  0x000001d13b8c8000 JavaThread "jar transforms Thread 2" [_thread_blocked, id=2180, stack(0x0000001df7200000,0x0000001df7300000)]
  0x000001d13e359000 JavaThread "jar transforms Thread 3" [_thread_blocked, id=11016, stack(0x0000001df7300000,0x0000001df7400000)]
  0x000001d13e356800 JavaThread "jar transforms Thread 4" [_thread_blocked, id=13836, stack(0x0000001df7400000,0x0000001df7500000)]
  0x000001d13e35a000 JavaThread "jar transforms Thread 5" [_thread_blocked, id=11616, stack(0x0000001df7500000,0x0000001df7600000)]
  0x000001d13e355000 JavaThread "jar transforms Thread 6" [_thread_blocked, id=3824, stack(0x0000001df7600000,0x0000001df7700000)]
  0x000001d13e358000 JavaThread "jar transforms Thread 7" [_thread_blocked, id=9700, stack(0x0000001df7700000,0x0000001df7800000)]
  0x000001d13e357800 JavaThread "jar transforms Thread 8" [_thread_blocked, id=3028, stack(0x0000001df7800000,0x0000001df7900000)]
  0x000001d13e35a800 JavaThread "Cache worker for checksums cache (C:\Individualassignment\.gradle\checksums)" [_thread_blocked, id=5196, stack(0x0000001df6d00000,0x0000001df6e00000)]
  0x000001d13e35b800 JavaThread "Cache worker for cache directory md-supplier (C:\Users\nkeih\.gradle\caches\7.0.2\md-supplier)" [_thread_blocked, id=10952, stack(0x0000001df7900000,0x0000001df7a00000)]
  0x000001d13e355800 JavaThread "Cache worker for cache directory md-rule (C:\Users\nkeih\.gradle\caches\7.0.2\md-rule)" [_thread_blocked, id=6252, stack(0x0000001df7a00000,0x0000001df7b00000)]
  0x000001d13e361000 JavaThread "Cache worker for execution history cache (C:\Users\nkeih\.gradle\caches\7.0.2\executionHistory)" [_thread_blocked, id=16800, stack(0x0000001df7b00000,0x0000001df7c00000)]
  0x000001d13e362000 JavaThread "Cache worker for file content cache (C:\Users\nkeih\.gradle\caches\7.0.2\fileContent)" [_thread_blocked, id=15984, stack(0x0000001df7d00000,0x0000001df7e00000)]
  0x000001d13c3d9000 JavaThread "C2 CompilerThread1" daemon [_thread_in_native, id=14312, stack(0x0000001df6c00000,0x0000001df6d00000)]
  0x000001d13e99a000 JavaThread "C2 CompilerThread2" daemon [_thread_in_native, id=4880, stack(0x0000001df7c00000,0x0000001df7d00000)]
  0x000001d13e363000 JavaThread "Cache worker for dependencies-accessors (C:\Individualassignment\.gradle\7.0.2\dependencies-accessors)" [_thread_blocked, id=15588, stack(0x0000001df7e00000,0x0000001df7f00000)]

Other Threads:
  0x000001d1385d8000 VMThread "VM Thread" [stack: 0x0000001df4b00000,0x0000001df4c00000] [id=14580]
  0x000001d139111800 WatcherThread [stack: 0x0000001df5500000,0x0000001df5600000] [id=15972]
  0x000001d11e1a6800 GCTaskThread "GC Thread#0" [stack: 0x0000001df4600000,0x0000001df4700000] [id=15460]
  0x000001d139d33800 GCTaskThread "GC Thread#1" [stack: 0x0000001df5700000,0x0000001df5800000] [id=2564]
  0x000001d13c717000 GCTaskThread "GC Thread#2" [stack: 0x0000001df6100000,0x0000001df6200000] [id=16816]
  0x000001d13c718000 GCTaskThread "GC Thread#3" [stack: 0x0000001df6200000,0x0000001df6300000] [id=16052]
  0x000001d13c718800 GCTaskThread "GC Thread#4" [stack: 0x0000001df6300000,0x0000001df6400000] [id=16240]
  0x000001d13b5e7800 GCTaskThread "GC Thread#5" [stack: 0x0000001df6400000,0x0000001df6500000] [id=16916]
  0x000001d13b5e8800 GCTaskThread "GC Thread#6" [stack: 0x0000001df6500000,0x0000001df6600000] [id=3396]
  0x000001d13b5e9800 GCTaskThread "GC Thread#7" [stack: 0x0000001df6600000,0x0000001df6700000] [id=11656]
  0x000001d11e1dc000 ConcurrentGCThread "G1 Main Marker" [stack: 0x0000001df4700000,0x0000001df4800000] [id=13648]
=>0x000001d11e1dd000 ConcurrentGCThread "G1 Conc#0" [stack: 0x0000001df4800000,0x0000001df4900000] [id=14388]
  0x000001d13bb21000 ConcurrentGCThread "G1 Conc#1" [stack: 0x0000001df6a00000,0x0000001df6b00000] [id=12472]
  0x000001d11e268000 ConcurrentGCThread "G1 Refine#0" [stack: 0x0000001df4900000,0x0000001df4a00000] [id=11452]
  0x000001d139ae2800 ConcurrentGCThread "G1 Refine#1" [stack: 0x0000001df6700000,0x0000001df6800000] [id=11820]
  0x000001d11e269000 ConcurrentGCThread "G1 Young RemSet Sampling" [stack: 0x0000001df4a00000,0x0000001df4b00000] [id=15672]

Threads with active compile tasks:
C2 CompilerThread1   8213 4604       4       java.net.URLClassLoader$1::run (5 bytes)
C2 CompilerThread2   8213 4605   !   4       java.net.URLClassLoader$1::run (63 bytes)

VM state:not at safepoint (normal execution)

VM Mutex/Monitor currently owned by a thread: None

Heap address: 0x0000000080000000, size: 2048 MB, Compressed Oops mode: 32-bit
Narrow klass base: 0x0000000000000000, Narrow klass shift: 3
Compressed class space size: 1073741824 Address: 0x0000000100000000

Heap:
 garbage-first heap   total 114688K, used 59464K [0x0000000080000000, 0x0000000100000000)
  region size 1024K, 8 young (8192K), 5 survivors (5120K)
 Metaspace       used 51064K, capacity 52369K, committed 52608K, reserved 1095680K
  class space    used 6562K, capacity 7026K, committed 7040K, reserved 1048576K
Heap Regions: E=young(eden), S=young(survivor), O=old, HS=humongous(starts), HC=humongous(continues), CS=collection set, F=free, A=archive, TAMS=top-at-mark-start (previous, next)
|   0|0x0000000080000000, 0x0000000080100000, 0x0000000080100000|100%| O|  |TAMS 0x0000000080100000, 0x0000000080100000| Untracked 
|   1|0x0000000080100000, 0x0000000080200000, 0x0000000080200000|100%| O|  |TAMS 0x0000000080200000, 0x0000000080200000| Untracked 
|   2|0x0000000080200000, 0x0000000080300000, 0x0000000080300000|100%| O|  |TAMS 0x0000000080300000, 0x0000000080300000| Untracked 
|   3|0x0000000080300000, 0x0000000080400000, 0x0000000080400000|100%|HS|  |TAMS 0x0000000080400000, 0x0000000080400000| Complete 
|   4|0x0000000080400000, 0x0000000080500000, 0x0000000080500000|100%|HC|  |TAMS 0x0000000080500000, 0x0000000080500000| Complete 
|   5|0x0000000080500000, 0x0000000080600000, 0x0000000080600000|100%|HC|  |TAMS 0x0000000080600000, 0x0000000080600000| Complete 
|   6|0x0000000080600000, 0x0000000080700000, 0x0000000080700000|100%| O|  |TAMS 0x0000000080700000, 0x0000000080700000| Untracked 
|   7|0x0000000080700000, 0x0000000080800000, 0x0000000080800000|100%| O|  |TAMS 0x0000000080800000, 0x0000000080800000| Untracked 
|   8|0x0000000080800000, 0x0000000080900000, 0x0000000080900000|100%| O|  |TAMS 0x0000000080900000, 0x0000000080900000| Untracked 
|   9|0x0000000080900000, 0x0000000080a00000, 0x0000000080a00000|100%| O|  |TAMS 0x0000000080a00000, 0x0000000080a00000| Untracked 
|  10|0x0000000080a00000, 0x0000000080b00000, 0x0000000080b00000|100%| O|  |TAMS 0x0000000080b00000, 0x0000000080b00000| Untracked 
|  11|0x0000000080b00000, 0x0000000080c00000, 0x0000000080c00000|100%| O|  |TAMS 0x0000000080c00000, 0x0000000080c00000| Untracked 
|  12|0x0000000080c00000, 0x0000000080d00000, 0x0000000080d00000|100%| O|  |TAMS 0x0000000080d00000, 0x0000000080d00000| Untracked 
|  13|0x0000000080d00000, 0x0000000080e00000, 0x0000000080e00000|100%| O|  |TAMS 0x0000000080e00000, 0x0000000080e00000| Untracked 
|  14|0x0000000080e00000, 0x0000000080f00000, 0x0000000080f00000|100%| O|  |TAMS 0x0000000080f00000, 0x0000000080f00000| Untracked 
|  15|0x0000000080f00000, 0x0000000081000000, 0x0000000081000000|100%| O|  |TAMS 0x0000000081000000, 0x0000000081000000| Untracked 
|  16|0x0000000081000000, 0x0000000081100000, 0x0000000081100000|100%|HS|  |TAMS 0x0000000081100000, 0x0000000081100000| Complete 
|  17|0x0000000081100000, 0x0000000081200000, 0x0000000081200000|100%|HC|  |TAMS 0x0000000081200000, 0x0000000081200000| Complete 
|  18|0x0000000081200000, 0x0000000081300000, 0x0000000081300000|100%|HS|  |TAMS 0x0000000081300000, 0x0000000081300000| Complete 
|  19|0x0000000081300000, 0x0000000081400000, 0x0000000081400000|100%|HC|  |TAMS 0x0000000081400000, 0x0000000081400000| Complete 
|  20|0x0000000081400000, 0x0000000081500000, 0x0000000081500000|100%|HC|  |TAMS 0x0000000081500000, 0x0000000081500000| Complete 
|  21|0x0000000081500000, 0x0000000081600000, 0x0000000081600000|100%|HS|  |TAMS 0x0000000081600000, 0x0000000081600000| Complete 
|  22|0x0000000081600000, 0x0000000081700000, 0x0000000081700000|100%|HC|  |TAMS 0x0000000081700000, 0x0000000081700000| Complete 
|  23|0x0000000081700000, 0x0000000081800000, 0x0000000081800000|100%|HC|  |TAMS 0x0000000081800000, 0x0000000081800000| Complete 
|  24|0x0000000081800000, 0x0000000081900000, 0x0000000081900000|100%|HC|  |TAMS 0x0000000081900000, 0x0000000081900000| Complete 
|  25|0x0000000081900000, 0x0000000081a00000, 0x0000000081a00000|100%|HC|  |TAMS 0x0000000081a00000, 0x0000000081a00000| Complete 
|  26|0x0000000081a00000, 0x0000000081b00000, 0x0000000081b00000|100%| O|  |TAMS 0x0000000081b00000, 0x0000000081b00000| Untracked 
|  27|0x0000000081b00000, 0x0000000081c00000, 0x0000000081c00000|100%| O|  |TAMS 0x0000000081c00000, 0x0000000081c00000| Untracked 
|  28|0x0000000081c00000, 0x0000000081d00000, 0x0000000081d00000|100%| O|  |TAMS 0x0000000081d00000, 0x0000000081d00000| Untracked 
|  29|0x0000000081d00000, 0x0000000081e00000, 0x0000000081e00000|100%| O|  |TAMS 0x0000000081e00000, 0x0000000081e00000| Untracked 
|  30|0x0000000081e00000, 0x0000000081f00000, 0x0000000081f00000|100%| O|  |TAMS 0x0000000081f00000, 0x0000000081f00000| Untracked 
|  31|0x0000000081f00000, 0x0000000082000000, 0x0000000082000000|100%| O|  |TAMS 0x0000000082000000, 0x0000000082000000| Untracked 
|  32|0x0000000082000000, 0x0000000082100000, 0x0000000082100000|100%| O|  |TAMS 0x000000008207c600, 0x0000000082100000| Untracked 
|  33|0x0000000082100000, 0x0000000082200000, 0x0000000082200000|100%|HS|  |TAMS 0x0000000082100000, 0x0000000082200000| Complete 
|  34|0x0000000082200000, 0x0000000082300000, 0x0000000082300000|100%|HC|  |TAMS 0x0000000082200000, 0x0000000082300000| Complete 
|  35|0x0000000082300000, 0x0000000082400000, 0x0000000082400000|100%|HC|  |TAMS 0x0000000082300000, 0x0000000082400000| Complete 
|  36|0x0000000082400000, 0x0000000082500000, 0x0000000082500000|100%|HC|  |TAMS 0x0000000082400000, 0x0000000082500000| Complete 
|  37|0x0000000082500000, 0x0000000082600000, 0x0000000082600000|100%|HC|  |TAMS 0x0000000082500000, 0x0000000082600000| Complete 
|  38|0x0000000082600000, 0x0000000082700000, 0x0000000082700000|100%| O|  |TAMS 0x0000000082600000, 0x0000000082700000| Untracked 
|  39|0x0000000082700000, 0x0000000082800000, 0x0000000082800000|100%| O|  |TAMS 0x0000000082700000, 0x0000000082800000| Untracked 
|  40|0x0000000082800000, 0x0000000082900000, 0x0000000082900000|100%| O|  |TAMS 0x0000000082800000, 0x0000000082900000| Untracked 
|  41|0x0000000082900000, 0x0000000082a00000, 0x0000000082a00000|100%| O|  |TAMS 0x0000000082900000, 0x0000000082a00000| Untracked 
|  42|0x0000000082a00000, 0x0000000082b00000, 0x0000000082b00000|100%| O|  |TAMS 0x0000000082a00000, 0x0000000082b00000| Untracked 
|  43|0x0000000082b00000, 0x0000000082c00000, 0x0000000082c00000|100%|HS|  |TAMS 0x0000000082b00000, 0x0000000082c00000| Complete 
|  44|0x0000000082c00000, 0x0000000082d00000, 0x0000000082d00000|100%|HC|  |TAMS 0x0000000082c00000, 0x0000000082d00000| Complete 
|  45|0x0000000082d00000, 0x0000000082e00000, 0x0000000082e00000|100%|HC|  |TAMS 0x0000000082d00000, 0x0000000082e00000| Complete 
|  46|0x0000000082e00000, 0x0000000082f00000, 0x0000000082f00000|100%| O|  |TAMS 0x0000000082e00000, 0x0000000082f00000| Untracked 
|  47|0x0000000082f00000, 0x0000000083000000, 0x0000000083000000|100%| O|  |TAMS 0x0000000082f00000, 0x0000000083000000| Untracked 
|  48|0x0000000083000000, 0x0000000083100000, 0x0000000083100000|100%| O|  |TAMS 0x0000000083000000, 0x0000000083100000| Untracked 
|  49|0x0000000083100000, 0x0000000083200000, 0x0000000083200000|100%| O|  |TAMS 0x0000000083100000, 0x0000000083200000| Untracked 
|  50|0x0000000083200000, 0x0000000083300000, 0x0000000083300000|100%| O|  |TAMS 0x0000000083200000, 0x0000000083300000| Untracked 
|  51|0x0000000083300000, 0x0000000083370200, 0x0000000083400000| 43%| O|  |TAMS 0x0000000083300000, 0x0000000083370200| Untracked 
|  52|0x0000000083400000, 0x0000000083400000, 0x0000000083500000|  0%| F|  |TAMS 0x0000000083400000, 0x0000000083400000| Untracked 
|  53|0x0000000083500000, 0x0000000083500000, 0x0000000083600000|  0%| F|  |TAMS 0x0000000083500000, 0x0000000083500000| Untracked 
|  54|0x0000000083600000, 0x0000000083600000, 0x0000000083700000|  0%| F|  |TAMS 0x0000000083600000, 0x0000000083600000| Untracked 
|  55|0x0000000083700000, 0x0000000083700000, 0x0000000083800000|  0%| F|  |TAMS 0x0000000083700000, 0x0000000083700000| Untracked 
|  56|0x0000000083800000, 0x0000000083800000, 0x0000000083900000|  0%| F|  |TAMS 0x0000000083800000, 0x0000000083800000| Untracked 
|  57|0x0000000083900000, 0x0000000083900000, 0x0000000083a00000|  0%| F|  |TAMS 0x0000000083900000, 0x0000000083900000| Untracked 
|  58|0x0000000083a00000, 0x0000000083a00000, 0x0000000083b00000|  0%| F|  |TAMS 0x0000000083a00000, 0x0000000083a00000| Untracked 
|  59|0x0000000083b00000, 0x0000000083b00000, 0x0000000083c00000|  0%| F|  |TAMS 0x0000000083b00000, 0x0000000083b00000| Untracked 
|  60|0x0000000083c00000, 0x0000000083c00000, 0x0000000083d00000|  0%| F|  |TAMS 0x0000000083c00000, 0x0000000083c00000| Untracked 
|  61|0x0000000083d00000, 0x0000000083d00000, 0x0000000083e00000|  0%| F|  |TAMS 0x0000000083d00000, 0x0000000083d00000| Untracked 
|  62|0x0000000083e00000, 0x0000000083e00000, 0x0000000083f00000|  0%| F|  |TAMS 0x0000000083e00000, 0x0000000083e00000| Untracked 
|  63|0x0000000083f00000, 0x0000000083f00000, 0x0000000084000000|  0%| F|  |TAMS 0x0000000083f00000, 0x0000000083f00000| Untracked 
|  64|0x0000000084000000, 0x0000000084000000, 0x0000000084100000|  0%| F|  |TAMS 0x0000000084000000, 0x0000000084000000| Untracked 
|  65|0x0000000084100000, 0x0000000084100000, 0x0000000084200000|  0%| F|  |TAMS 0x0000000084100000, 0x0000000084100000| Untracked 
|  66|0x0000000084200000, 0x0000000084200000, 0x0000000084300000|  0%| F|  |TAMS 0x0000000084200000, 0x0000000084200000| Untracked 
|  67|0x0000000084300000, 0x0000000084300000, 0x0000000084400000|  0%| F|  |TAMS 0x0000000084300000, 0x0000000084300000| Untracked 
|  68|0x0000000084400000, 0x0000000084400000, 0x0000000084500000|  0%| F|  |TAMS 0x0000000084400000, 0x0000000084400000| Untracked 
|  69|0x0000000084500000, 0x0000000084500000, 0x0000000084600000|  0%| F|  |TAMS 0x0000000084500000, 0x0000000084500000| Untracked 
|  70|0x0000000084600000, 0x0000000084600000, 0x0000000084700000|  0%| F|  |TAMS 0x0000000084600000, 0x0000000084600000| Untracked 
|  71|0x0000000084700000, 0x0000000084700000, 0x0000000084800000|  0%| F|  |TAMS 0x0000000084700000, 0x0000000084700000| Untracked 
|  72|0x0000000084800000, 0x00000000848a1f88, 0x0000000084900000| 63%| S|CS|TAMS 0x0000000084800000, 0x0000000084800000| Complete 
|  73|0x0000000084900000, 0x0000000084a00000, 0x0000000084a00000|100%| S|CS|TAMS 0x0000000084900000, 0x0000000084900000| Complete 
|  74|0x0000000084a00000, 0x0000000084b00000, 0x0000000084b00000|100%| S|CS|TAMS 0x0000000084a00000, 0x0000000084a00000| Complete 
|  75|0x0000000084b00000, 0x0000000084c00000, 0x0000000084c00000|100%| S|CS|TAMS 0x0000000084b00000, 0x0000000084b00000| Complete 
|  76|0x0000000084c00000, 0x0000000084c00000, 0x0000000084d00000|  0%| F|  |TAMS 0x0000000084c00000, 0x0000000084c00000| Untracked 
|  77|0x0000000084d00000, 0x0000000084d00000, 0x0000000084e00000|  0%| F|  |TAMS 0x0000000084d00000, 0x0000000084d00000| Untracked 
|  78|0x0000000084e00000, 0x0000000084e00000, 0x0000000084f00000|  0%| F|  |TAMS 0x0000000084e00000, 0x0000000084e00000| Untracked 
|  79|0x0000000084f00000, 0x0000000085000000, 0x0000000085000000|100%| S|CS|TAMS 0x0000000084f00000, 0x0000000084f00000| Complete 
|  80|0x0000000085000000, 0x0000000085000000, 0x0000000085100000|  0%| F|  |TAMS 0x0000000085000000, 0x0000000085000000| Untracked 
|  81|0x0000000085100000, 0x0000000085100000, 0x0000000085200000|  0%| F|  |TAMS 0x0000000085100000, 0x0000000085100000| Untracked 
|  82|0x0000000085200000, 0x0000000085200000, 0x0000000085300000|  0%| F|  |TAMS 0x0000000085200000, 0x0000000085200000| Untracked 
|  83|0x0000000085300000, 0x0000000085300000, 0x0000000085400000|  0%| F|  |TAMS 0x0000000085300000, 0x0000000085300000| Untracked 
|  84|0x0000000085400000, 0x0000000085400000, 0x0000000085500000|  0%| F|  |TAMS 0x0000000085400000, 0x0000000085400000| Untracked 
|  85|0x0000000085500000, 0x0000000085500000, 0x0000000085600000|  0%| F|  |TAMS 0x0000000085500000, 0x0000000085500000| Untracked 
|  86|0x0000000085600000, 0x0000000085600000, 0x0000000085700000|  0%| F|  |TAMS 0x0000000085600000, 0x0000000085600000| Untracked 
|  87|0x0000000085700000, 0x0000000085700000, 0x0000000085800000|  0%| F|  |TAMS 0x0000000085700000, 0x0000000085700000| Untracked 
|  88|0x0000000085800000, 0x0000000085800000, 0x0000000085900000|  0%| F|  |TAMS 0x0000000085800000, 0x0000000085800000| Untracked 
|  89|0x0000000085900000, 0x0000000085900000, 0x0000000085a00000|  0%| F|  |TAMS 0x0000000085900000, 0x0000000085900000| Untracked 
|  90|0x0000000085a00000, 0x0000000085a00000, 0x0000000085b00000|  0%| F|  |TAMS 0x0000000085a00000, 0x0000000085a00000| Untracked 
|  91|0x0000000085b00000, 0x0000000085b00000, 0x0000000085c00000|  0%| F|  |TAMS 0x0000000085b00000, 0x0000000085b00000| Untracked 
|  92|0x0000000085c00000, 0x0000000085c00000, 0x0000000085d00000|  0%| F|  |TAMS 0x0000000085c00000, 0x0000000085c00000| Untracked 
|  93|0x0000000085d00000, 0x0000000085d00000, 0x0000000085e00000|  0%| F|  |TAMS 0x0000000085d00000, 0x0000000085d00000| Untracked 
|  94|0x0000000085e00000, 0x0000000085e00000, 0x0000000085f00000|  0%| F|  |TAMS 0x0000000085e00000, 0x0000000085e00000| Untracked 
|  95|0x0000000085f00000, 0x0000000085f00000, 0x0000000086000000|  0%| F|  |TAMS 0x0000000085f00000, 0x0000000085f00000| Untracked 
|  96|0x0000000086000000, 0x0000000086000000, 0x0000000086100000|  0%| F|  |TAMS 0x0000000086000000, 0x0000000086000000| Untracked 
|  97|0x0000000086100000, 0x0000000086100000, 0x0000000086200000|  0%| F|  |TAMS 0x0000000086100000, 0x0000000086100000| Untracked 
|  98|0x0000000086200000, 0x0000000086200000, 0x0000000086300000|  0%| F|  |TAMS 0x0000000086200000, 0x0000000086200000| Untracked 
|  99|0x0000000086300000, 0x0000000086300000, 0x0000000086400000|  0%| F|  |TAMS 0x0000000086300000, 0x0000000086300000| Untracked 
| 100|0x0000000086400000, 0x0000000086400000, 0x0000000086500000|  0%| F|  |TAMS 0x0000000086400000, 0x0000000086400000| Untracked 
| 101|0x0000000086500000, 0x0000000086500000, 0x0000000086600000|  0%| F|  |TAMS 0x0000000086500000, 0x0000000086500000| Untracked 
| 102|0x0000000086600000, 0x0000000086600000, 0x0000000086700000|  0%| F|  |TAMS 0x0000000086600000, 0x0000000086600000| Untracked 
| 103|0x0000000086700000, 0x0000000086700000, 0x0000000086800000|  0%| F|  |TAMS 0x0000000086700000, 0x0000000086700000| Untracked 
| 104|0x0000000086800000, 0x0000000086800000, 0x0000000086900000|  0%| F|  |TAMS 0x0000000086800000, 0x0000000086800000| Untracked 
| 105|0x0000000086900000, 0x0000000086900000, 0x0000000086a00000|  0%| F|  |TAMS 0x0000000086900000, 0x0000000086900000| Untracked 
| 106|0x0000000086a00000, 0x0000000086a00000, 0x0000000086b00000|  0%| F|  |TAMS 0x0000000086a00000, 0x0000000086a00000| Untracked 
| 107|0x0000000086b00000, 0x0000000086b00000, 0x0000000086c00000|  0%| F|  |TAMS 0x0000000086b00000, 0x0000000086b00000| Untracked 
| 108|0x0000000086c00000, 0x0000000086c00000, 0x0000000086d00000|  0%| F|  |TAMS 0x0000000086c00000, 0x0000000086c00000| Untracked 
| 109|0x0000000086d00000, 0x0000000086d80800, 0x0000000086e00000| 50%| E|  |TAMS 0x0000000086d00000, 0x0000000086d00000| Complete 
| 110|0x0000000086e00000, 0x0000000086f00000, 0x0000000086f00000|100%| E|CS|TAMS 0x0000000086e00000, 0x0000000086e00000| Complete 
| 111|0x0000000086f00000, 0x0000000087000000, 0x0000000087000000|100%| E|CS|TAMS 0x0000000086f00000, 0x0000000086f00000| Complete 

Card table byte_map: [0x000001d1313b0000,0x000001d1317b0000] _byte_map_base: 0x000001d130fb0000

Marking Bits (Prev, Next): (CMBitMap*) 0x000001d11e1d31f8, (CMBitMap*) 0x000001d11e1d3230
 Prev Bits: [0x000001d131bb0000, 0x000001d133bb0000)
 Next Bits: [0x000001d133bb0000, 0x000001d135bb0000)

Polling page: 0x000001d11c130000

Metaspace:

Usage:
  Non-class:     44.28 MB capacity,    43.48 MB ( 98%) used,   696.23 KB (  2%) free+waste,   126.81 KB ( <1%) overhead. 
      Class:      6.86 MB capacity,     6.41 MB ( 93%) used,   397.47 KB (  6%) free+waste,    60.94 KB ( <1%) overhead. 
       Both:     51.14 MB capacity,    49.89 MB ( 98%) used,     1.07 MB (  2%) free+waste,   187.75 KB ( <1%) overhead. 

Virtual space:
  Non-class space:       46.00 MB reserved,      44.50 MB ( 97%) committed 
      Class space:        1.00 GB reserved,       6.88 MB ( <1%) committed 
             Both:        1.04 GB reserved,      51.38 MB (  5%) committed 

Chunk freelists:
   Non-Class:  33.00 KB
       Class:  14.00 KB
        Both:  47.00 KB

MaxMetaspaceSize: 17179869184.00 GB
CompressedClassSpaceSize: 1.00 GB

CodeHeap 'non-profiled nmethods': size=120000Kb used=2861Kb max_used=2861Kb free=117138Kb
 bounds [0x000001d129750000, 0x000001d129a20000, 0x000001d130c80000]
CodeHeap 'profiled nmethods': size=120000Kb used=10155Kb max_used=10155Kb free=109844Kb
 bounds [0x000001d122220000, 0x000001d122c10000, 0x000001d129750000]
CodeHeap 'non-nmethods': size=5760Kb used=2224Kb max_used=2287Kb free=3535Kb
 bounds [0x000001d121c80000, 0x000001d121ef0000, 0x000001d122220000]
 total_blobs=5555 nmethods=4756 adapters=710
 compilation: enabled
              stopped_count=0, restarted_count=0
 full_count=0

Compilation events (20 events):
Event: 8.148 Thread 0x000001d1385fb000 4712   !   4       java.util.AbstractList$Itr::next (45 bytes)
Event: 8.149 Thread 0x000001d1385fb000 nmethod 4712 0x000001d129a19890 code [0x000001d129a19a40, 0x000001d129a19b48]
Event: 8.149 Thread 0x000001d1385fb000 4699       4       java.beans.MethodRef::get (91 bytes)
Event: 8.151 Thread 0x000001d1385fb000 nmethod 4699 0x000001d129a19c90 code [0x000001d129a19e40, 0x000001d129a19f98]
Event: 8.151 Thread 0x000001d1385fb000 4727       4       java.util.AbstractSequentialList::iterator (5 bytes)
Event: 8.155 Thread 0x000001d1385fb000 nmethod 4727 0x000001d129a1a110 code [0x000001d129a1a2c0, 0x000001d129a1a4d8]
Event: 8.155 Thread 0x000001d1385fb000 4747       4       java.lang.Integer::numberOfLeadingZeros (78 bytes)
Event: 8.155 Thread 0x000001d1385fb000 nmethod 4747 0x000001d129a1a690 code [0x000001d129a1a820, 0x000001d129a1a8b8]
Event: 8.155 Thread 0x000001d1385fb000 4709       4       java.nio.DirectByteBuffer::ix (10 bytes)
Event: 8.156 Thread 0x000001d1385fb000 nmethod 4709 0x000001d129a1a910 code [0x000001d129a1aaa0, 0x000001d129a1ab18]
Event: 8.156 Thread 0x000001d1385fb000 4716       4       org.gradle.internal.instantiation.generator.AbstractClassGenerator$ClassGenerationHandler::visitProperty (1 bytes)
Event: 8.156 Thread 0x000001d1385fb000 nmethod 4716 0x000001d129a1ab90 code [0x000001d129a1ad20, 0x000001d129a1ad78]
Event: 8.157 Thread 0x000001d1385ff800 4764       3       java.util.concurrent.atomic.AtomicReferenceArray::<init> (13 bytes)
Event: 8.157 Thread 0x000001d1385ff800 nmethod 4764 0x000001d122c06890 code [0x000001d122c06a40, 0x000001d122c06c98]
Event: 8.169 Thread 0x000001d1385fb000 4765       4       java.lang.Class::getGenericInfo (52 bytes)
Event: 8.172 Thread 0x000001d1385fb000 nmethod 4765 0x000001d129a1ae10 code [0x000001d129a1afc0, 0x000001d129a1b188]
Event: 8.173 Thread 0x000001d1385ff800 4766       3       java.lang.Long::bitCount (61 bytes)
Event: 8.173 Thread 0x000001d1385ff800 nmethod 4766 0x000001d122c06d90 code [0x000001d122c06f40, 0x000001d122c07098]
Event: 8.173 Thread 0x000001d1385fb000 4767       4       java.lang.Long::bitCount (61 bytes)
Event: 8.174 Thread 0x000001d1385fb000 nmethod 4767 0x000001d129a1b290 code [0x000001d129a1b420, 0x000001d129a1b4d8]

GC Heap History (20 events):
Event: 3.075 GC heap before
{Heap before GC invocations=2 (full 0):
 garbage-first heap   total 114688K, used 43615K [0x0000000080000000, 0x0000000100000000)
  region size 1024K, 36 young (36864K), 9 survivors (9216K)
 Metaspace       used 20153K, capacity 20619K, committed 20864K, reserved 1067008K
  class space    used 2463K, capacity 2625K, committed 2688K, reserved 1048576K
}
Event: 3.080 GC heap after
{Heap after GC invocations=3 (full 0):
 garbage-first heap   total 114688K, used 16893K [0x0000000080000000, 0x0000000100000000)
  region size 1024K, 2 young (2048K), 2 survivors (2048K)
 Metaspace       used 20153K, capacity 20619K, committed 20864K, reserved 1067008K
  class space    used 2463K, capacity 2625K, committed 2688K, reserved 1048576K
}
Event: 3.129 GC heap before
{Heap before GC invocations=3 (full 0):
 garbage-first heap   total 114688K, used 18941K [0x0000000080000000, 0x0000000100000000)
  region size 1024K, 5 young (5120K), 2 survivors (2048K)
 Metaspace       used 20595K, capacity 21123K, committed 21248K, reserved 1067008K
  class space    used 2516K, capacity 2733K, committed 2816K, reserved 1048576K
}
Event: 3.132 GC heap after
{Heap after GC invocations=4 (full 0):
 garbage-first heap   total 114688K, used 16824K [0x0000000080000000, 0x0000000100000000)
  region size 1024K, 2 young (2048K), 2 survivors (2048K)
 Metaspace       used 20595K, capacity 21123K, committed 21248K, reserved 1067008K
  class space    used 2516K, capacity 2733K, committed 2816K, reserved 1048576K
}
Event: 3.821 GC heap before
{Heap before GC invocations=5 (full 0):
 garbage-first heap   total 114688K, used 65976K [0x0000000080000000, 0x0000000100000000)
  region size 1024K, 50 young (51200K), 2 survivors (2048K)
 Metaspace       used 25720K, capacity 26354K, committed 26496K, reserved 1073152K
  class space    used 3364K, capacity 3588K, committed 3712K, reserved 1048576K
}
Event: 3.824 GC heap after
{Heap after GC invocations=6 (full 0):
 garbage-first heap   total 114688K, used 18568K [0x0000000080000000, 0x0000000100000000)
  region size 1024K, 3 young (3072K), 3 survivors (3072K)
 Metaspace       used 25720K, capacity 26354K, committed 26496K, reserved 1073152K
  class space    used 3364K, capacity 3588K, committed 3712K, reserved 1048576K
}
Event: 4.854 GC heap before
{Heap before GC invocations=6 (full 0):
 garbage-first heap   total 114688K, used 82056K [0x0000000080000000, 0x0000000100000000)
  region size 1024K, 55 young (56320K), 3 survivors (3072K)
 Metaspace       used 30233K, capacity 31040K, committed 31360K, reserved 1077248K
  class space    used 4082K, capacity 4383K, committed 4480K, reserved 1048576K
}
Event: 4.858 GC heap after
{Heap after GC invocations=7 (full 0):
 garbage-first heap   total 114688K, used 32923K [0x0000000080000000, 0x0000000100000000)
  region size 1024K, 7 young (7168K), 7 survivors (7168K)
 Metaspace       used 30233K, capacity 31040K, committed 31360K, reserved 1077248K
  class space    used 4082K, capacity 4383K, committed 4480K, reserved 1048576K
}
Event: 5.227 GC heap before
{Heap before GC invocations=7 (full 0):
 garbage-first heap   total 114688K, used 46235K [0x0000000080000000, 0x0000000100000000)
  region size 1024K, 21 young (21504K), 7 survivors (7168K)
 Metaspace       used 34690K, capacity 35607K, committed 35840K, reserved 1081344K
  class space    used 4529K, capacity 4861K, committed 4864K, reserved 1048576K
}
Event: 5.239 GC heap after
{Heap after GC invocations=8 (full 0):
 garbage-first heap   total 114688K, used 35415K [0x0000000080000000, 0x0000000100000000)
  region size 1024K, 3 young (3072K), 3 survivors (3072K)
 Metaspace       used 34690K, capacity 35607K, committed 35840K, reserved 1081344K
  class space    used 4529K, capacity 4861K, committed 4864K, reserved 1048576K
}
Event: 5.702 GC heap before
{Heap before GC invocations=9 (full 0):
 garbage-first heap   total 114688K, used 76375K [0x0000000080000000, 0x0000000100000000)
  region size 1024K, 41 young (41984K), 3 survivors (3072K)
 Metaspace       used 38492K, capacity 39522K, committed 39680K, reserved 1083392K
  class space    used 4906K, capacity 5289K, committed 5376K, reserved 1048576K
}
Event: 5.707 GC heap after
{Heap after GC invocations=10 (full 0):
 garbage-first heap   total 114688K, used 38852K [0x0000000080000000, 0x0000000100000000)
  region size 1024K, 6 young (6144K), 6 survivors (6144K)
 Metaspace       used 38492K, capacity 39522K, committed 39680K, reserved 1083392K
  class space    used 4906K, capacity 5289K, committed 5376K, reserved 1048576K
}
Event: 6.256 GC heap before
{Heap before GC invocations=10 (full 0):
 garbage-first heap   total 114688K, used 82884K [0x0000000080000000, 0x0000000100000000)
  region size 1024K, 44 young (45056K), 6 survivors (6144K)
 Metaspace       used 41525K, capacity 42640K, committed 42752K, reserved 1085440K
  class space    used 5354K, capacity 5776K, committed 5888K, reserved 1048576K
}
Event: 6.261 GC heap after
{Heap after GC invocations=11 (full 0):
 garbage-first heap   total 114688K, used 45897K [0x0000000080000000, 0x0000000100000000)
  region size 1024K, 3 young (3072K), 3 survivors (3072K)
 Metaspace       used 41525K, capacity 42640K, committed 42752K, reserved 1085440K
  class space    used 5354K, capacity 5776K, committed 5888K, reserved 1048576K
}
Event: 7.149 GC heap before
{Heap before GC invocations=11 (full 0):
 garbage-first heap   total 114688K, used 85833K [0x0000000080000000, 0x0000000100000000)
  region size 1024K, 39 young (39936K), 3 survivors (3072K)
 Metaspace       used 45672K, capacity 46908K, committed 47104K, reserved 1089536K
  class space    used 5862K, capacity 6320K, committed 6400K, reserved 1048576K
}
Event: 7.153 GC heap after
{Heap after GC invocations=12 (full 0):
 garbage-first heap   total 114688K, used 52403K [0x0000000080000000, 0x0000000100000000)
  region size 1024K, 5 young (5120K), 5 survivors (5120K)
 Metaspace       used 45672K, capacity 46908K, committed 47104K, reserved 1089536K
  class space    used 5862K, capacity 6320K, committed 6400K, reserved 1048576K
}
Event: 7.823 GC heap before
{Heap before GC invocations=12 (full 0):
 garbage-first heap   total 114688K, used 86195K [0x0000000080000000, 0x0000000100000000)
  region size 1024K, 38 young (38912K), 5 survivors (5120K)
 Metaspace       used 49429K, capacity 50787K, committed 50816K, reserved 1093632K
  class space    used 6299K, capacity 6777K, committed 6784K, reserved 1048576K
}
Event: 7.829 GC heap after
{Heap after GC invocations=13 (full 0):
 garbage-first heap   total 114688K, used 55122K [0x0000000080000000, 0x0000000100000000)
  region size 1024K, 3 young (3072K), 3 survivors (3072K)
 Metaspace       used 49429K, capacity 50787K, committed 50816K, reserved 1093632K
  class space    used 6299K, capacity 6777K, committed 6784K, reserved 1048576K
}
Event: 8.180 GC heap before
{Heap before GC invocations=13 (full 0):
 garbage-first heap   total 114688K, used 87890K [0x0000000080000000, 0x0000000100000000)
  region size 1024K, 35 young (35840K), 3 survivors (3072K)
 Metaspace       used 50929K, capacity 52273K, committed 52352K, reserved 1095680K
  class space    used 6541K, capacity 6994K, committed 7040K, reserved 1048576K
}
Event: 8.186 GC heap after
{Heap after GC invocations=14 (full 0):
 garbage-first heap   total 114688K, used 57416K [0x0000000080000000, 0x0000000100000000)
  region size 1024K, 5 young (5120K), 5 survivors (5120K)
 Metaspace       used 50929K, capacity 52273K, committed 52352K, reserved 1095680K
  class space    used 6541K, capacity 6994K, committed 7040K, reserved 1048576K
}

Deoptimization events (20 events):
Event: 7.833 Thread 0x000001d13a596000 Uncommon trap: trap_request=0xffffff4d fr.pc=0x000001d129910504 relative=0x0000000000001444
Event: 7.833 Thread 0x000001d13a596000 Uncommon trap: reason=unstable_if action=reinterpret pc=0x000001d129910504 method=java.lang.ClassValue.match(Ljava/lang/ClassValue$Entry;)Z @ 12 c2
Event: 7.833 Thread 0x000001d13a596000 DEOPT PACKING pc=0x000001d129910504 sp=0x0000001df5df9b40
Event: 7.833 Thread 0x000001d13a596000 DEOPT UNPACKING pc=0x000001d121ca78af sp=0x0000001df5df9948 mode 2
Event: 7.965 Thread 0x000001d13a8c9800 Uncommon trap: trap_request=0xffffffbe fr.pc=0x000001d12995b6b8 relative=0x0000000000000538
Event: 7.965 Thread 0x000001d13a8c9800 Uncommon trap: reason=profile_predicate action=maybe_recompile pc=0x000001d12995b6b8 method=java.util.stream.ReferencePipeline.forEachWithCancel(Ljava/util/Spliterator;Ljava/util/stream/Sink;)Z @ 8 c2
Event: 7.965 Thread 0x000001d13a8c9800 DEOPT PACKING pc=0x000001d12995b6b8 sp=0x0000001df59fed40
Event: 7.965 Thread 0x000001d13a8c9800 DEOPT UNPACKING pc=0x000001d121ca78af sp=0x0000001df59fece0 mode 2
Event: 7.977 Thread 0x000001d13a596000 Uncommon trap: trap_request=0xffffff4d fr.pc=0x000001d1298c2f34 relative=0x0000000000000114
Event: 7.977 Thread 0x000001d13a596000 Uncommon trap: reason=unstable_if action=reinterpret pc=0x000001d1298c2f34 method=java.util.Arrays.hashCode([Ljava/lang/Object;)I @ 34 c2
Event: 7.977 Thread 0x000001d13a596000 DEOPT PACKING pc=0x000001d1298c2f34 sp=0x0000001df5df95e0
Event: 7.977 Thread 0x000001d13a596000 DEOPT UNPACKING pc=0x000001d121ca78af sp=0x0000001df5df9558 mode 2
Event: 8.002 Thread 0x000001d13a596000 Uncommon trap: trap_request=0xffffffbe fr.pc=0x000001d129a06a1c relative=0x0000000000000b7c
Event: 8.002 Thread 0x000001d13a596000 Uncommon trap: reason=profile_predicate action=maybe_recompile pc=0x000001d129a06a1c method=java.util.regex.Pattern$BnM.optimize(Ljava/util/regex/Pattern$Node;)Ljava/util/regex/Pattern$Node; @ 67 c2
Event: 8.002 Thread 0x000001d13a596000 DEOPT PACKING pc=0x000001d129a06a1c sp=0x0000001df5dfae00
Event: 8.002 Thread 0x000001d13a596000 DEOPT UNPACKING pc=0x000001d121ca78af sp=0x0000001df5dfad48 mode 2
Event: 8.018 Thread 0x000001d13a596000 Uncommon trap: trap_request=0xffffff4d fr.pc=0x000001d129941384 relative=0x0000000000000dc4
Event: 8.018 Thread 0x000001d13a596000 Uncommon trap: reason=unstable_if action=reinterpret pc=0x000001d129941384 method=org.objectweb.asm.Frame.execute(IILorg/objectweb/asm/Symbol;Lorg/objectweb/asm/SymbolTable;)V @ 1 c2
Event: 8.018 Thread 0x000001d13a596000 DEOPT PACKING pc=0x000001d129941384 sp=0x0000001df5dfae60
Event: 8.018 Thread 0x000001d13a596000 DEOPT UNPACKING pc=0x000001d121ca78af sp=0x0000001df5dfae08 mode 2

Classes redefined (0 events):
No events

Internal exceptions (20 events):
Event: 7.892 Thread 0x000001d13a596000 Exception <a 'java/lang/ClassNotFoundException'{0x000000008668d8c8}: org/gradle/api/internal/artifacts/dsl/DefaultRepositoryHandlerBeanInfo> (0x000000008668d8c8) thrown at [./src/hotspot/share/classfile/systemDictionary.cpp, line 231]
Event: 7.893 Thread 0x000001d13a596000 Exception <a 'java/lang/ClassNotFoundException'{0x00000000866c8b18}: org/gradle/api/internal/artifacts/DefaultArtifactRepositoryContainerBeanInfo> (0x00000000866c8b18) thrown at [./src/hotspot/share/classfile/systemDictionary.cpp, line 231]
Event: 7.893 Thread 0x000001d13a596000 Exception <a 'java/lang/ClassNotFoundException'{0x00000000866f2ba8}: org/gradle/api/internal/DefaultNamedDomainObjectListBeanInfo> (0x00000000866f2ba8) thrown at [./src/hotspot/share/classfile/systemDictionary.cpp, line 231]
Event: 7.894 Thread 0x000001d13a596000 Exception <a 'java/lang/ClassNotFoundException'{0x000000008651ec20}: org/gradle/api/internal/DefaultNamedDomainObjectCollectionBeanInfo> (0x000000008651ec20) thrown at [./src/hotspot/share/classfile/systemDictionary.cpp, line 231]
Event: 7.896 Thread 0x000001d13a596000 Exception <a 'java/lang/ClassNotFoundException'{0x0000000086549dd0}: org/gradle/api/internal/DefaultDomainObjectCollectionBeanInfo> (0x0000000086549dd0) thrown at [./src/hotspot/share/classfile/systemDictionary.cpp, line 231]
Event: 7.896 Thread 0x000001d13a596000 Exception <a 'java/lang/ClassNotFoundException'{0x0000000086550008}: java/util/AbstractCollectionBeanInfo> (0x0000000086550008) thrown at [./src/hotspot/share/classfile/systemDictionary.cpp, line 231]
Event: 7.896 Thread 0x000001d13a596000 Exception <a 'java/lang/ClassNotFoundException'{0x00000000865564b8}: java/util/AbstractCollectionCustomizer> (0x00000000865564b8) thrown at [./src/hotspot/share/classfile/systemDictionary.cpp, line 231]
Event: 7.898 Thread 0x000001d13a596000 Exception <a 'java/lang/ClassNotFoundException'{0x000000008658aa18}: org/gradle/api/internal/DefaultDomainObjectCollectionCustomizer> (0x000000008658aa18) thrown at [./src/hotspot/share/classfile/systemDictionary.cpp, line 231]
Event: 7.901 Thread 0x000001d13a596000 Exception <a 'java/lang/ClassNotFoundException'{0x00000000865d3850}: org/gradle/api/internal/DefaultNamedDomainObjectCollectionCustomizer> (0x00000000865d3850) thrown at [./src/hotspot/share/classfile/systemDictionary.cpp, line 231]
Event: 7.906 Thread 0x000001d13a596000 Exception <a 'java/lang/ClassNotFoundException'{0x0000000086442c00}: org/gradle/api/internal/DefaultNamedDomainObjectListCustomizer> (0x0000000086442c00) thrown at [./src/hotspot/share/classfile/systemDictionary.cpp, line 231]
Event: 7.909 Thread 0x000001d13a596000 Exception <a 'java/lang/ClassNotFoundException'{0x00000000864974e0}: org/gradle/api/internal/artifacts/DefaultArtifactRepositoryContainerCustomizer> (0x00000000864974e0) thrown at [./src/hotspot/share/classfile/systemDictionary.cpp, line 231]
Event: 7.911 Thread 0x000001d13a596000 Exception <a 'java/lang/ClassNotFoundException'{0x00000000864e1678}: org/gradle/api/internal/artifacts/dsl/DefaultRepositoryHandlerCustomizer> (0x00000000864e1678) thrown at [./src/hotspot/share/classfile/systemDictionary.cpp, line 231]
Event: 7.914 Thread 0x000001d13a596000 Exception <a 'java/lang/ClassNotFoundException'{0x000000008633f4a0}: org/gradle/api/internal/artifacts/dsl/DefaultRepositoryHandler_DecoratedCustomizer> (0x000000008633f4a0) thrown at [./src/hotspot/share/classfile/systemDictionary.cpp, line 231]
Event: 7.974 Thread 0x000001d13a596000 Exception <a 'java/lang/ClassNotFoundException'{0x0000000085e164f8}: org/gradle/initialization/DefaultProjectDescriptorBeanInfo> (0x0000000085e164f8) thrown at [./src/hotspot/share/classfile/systemDictionary.cpp, line 231]
Event: 7.975 Thread 0x000001d13a596000 Exception <a 'java/lang/ClassNotFoundException'{0x0000000085e3b778}: org/gradle/initialization/DefaultProjectDescriptorCustomizer> (0x0000000085e3b778) thrown at [./src/hotspot/share/classfile/systemDictionary.cpp, line 231]
Event: 7.977 Thread 0x000001d13a596000 Implicit null exception at 0x000001d1298c2e6f to 0x000001d1298c2f18
Event: 8.120 Thread 0x000001d13a596000 Exception <a 'java/lang/ClassNotFoundException'{0x00000000855d6eb0}: org/gradle/api/internal/project/DefaultProject_DecoratedBeanInfo> (0x00000000855d6eb0) thrown at [./src/hotspot/share/classfile/systemDictionary.cpp, line 231]
Event: 8.121 Thread 0x000001d13a596000 Exception <a 'java/lang/ClassNotFoundException'{0x00000000855f0648}: org/gradle/api/internal/project/DefaultProjectBeanInfo> (0x00000000855f0648) thrown at [./src/hotspot/share/classfile/systemDictionary.cpp, line 231]
Event: 8.122 Thread 0x000001d13a596000 Exception <a 'java/lang/ClassNotFoundException'{0x000000008540a340}: org/gradle/api/internal/project/DefaultProjectCustomizer> (0x000000008540a340) thrown at [./src/hotspot/share/classfile/systemDictionary.cpp, line 231]
Event: 8.126 Thread 0x000001d13a596000 Exception <a 'java/lang/ClassNotFoundException'{0x00000000854af1e8}: org/gradle/api/internal/project/DefaultProject_DecoratedCustomizer> (0x00000000854af1e8) thrown at [./src/hotspot/share/classfile/systemDictionary.cpp, line 231]

Events (20 events):
Event: 8.175 loading class org/gradle/model/internal/manage/binding/DefaultStructBindingsStore
Event: 8.175 loading class org/gradle/model/internal/manage/binding/DefaultStructBindingsStore done
Event: 8.177 loading class org/gradle/model/internal/manage/binding/DefaultStructBindingsStore$1
Event: 8.177 loading class org/gradle/model/internal/manage/binding/DefaultStructBindingsStore$1 done
Event: 8.178 loading class org/gradle/model/internal/manage/binding/InvalidManagedTypeException
Event: 8.178 loading class org/gradle/model/internal/manage/binding/InvalidManagedTypeException done
Event: 8.178 loading class org/gradle/model/internal/manage/binding/StructBindingValidationProblemCollector
Event: 8.178 loading class org/gradle/model/internal/manage/binding/StructBindingValidationProblemCollector done
Event: 8.178 loading class org/gradle/model/internal/manage/binding/StructBindings
Event: 8.178 loading class org/gradle/model/internal/manage/binding/StructBindings done
Event: 8.179 loading class org/gradle/internal/reflect/Types$TypeVisitor
Event: 8.179 loading class org/gradle/internal/reflect/Types$TypeVisitor done
Event: 8.179 loading class org/gradle/model/internal/manage/binding/StructMethodBinding
Event: 8.179 loading class org/gradle/model/internal/manage/binding/StructMethodBinding done
Event: 8.180 loading class org/gradle/model/internal/manage/instance/ManagedProxyFactory$1
Event: 8.180 loading class org/gradle/model/internal/manage/instance/ManagedProxyFactory$1 done
Event: 8.180 Executing VM operation: G1CollectForAllocation
Event: 8.186 Executing VM operation: G1CollectForAllocation done
Event: 8.187 loading class org/gradle/model/internal/manage/schema/extract/ManagedProxyClassGenerator
Event: 8.187 loading class org/gradle/model/internal/manage/schema/extract/ManagedProxyClassGenerator done


Dynamic libraries:
0x00007ff62ebb0000 - 0x00007ff62ebba000 	D:\Android Stu\jre\bin\java.exe
0x00007ffbee2d0000 - 0x00007ffbee4c8000 	C:\WINDOWS\SYSTEM32\ntdll.dll
0x00007ffbee1d0000 - 0x00007ffbee28f000 	C:\WINDOWS\System32\KERNEL32.DLL
0x00007ffbebcb0000 - 0x00007ffbebf82000 	C:\WINDOWS\System32\KERNELBASE.dll
0x00007ffbec210000 - 0x00007ffbec310000 	C:\WINDOWS\System32\ucrtbase.dll
0x00007ffbd7140000 - 0x00007ffbd7159000 	D:\Android Stu\jre\bin\jli.dll
0x00007ffbec580000 - 0x00007ffbec721000 	C:\WINDOWS\System32\USER32.dll
0x00007ffbeba50000 - 0x00007ffbeba72000 	C:\WINDOWS\System32\win32u.dll
0x00007ffbec730000 - 0x00007ffbec75b000 	C:\WINDOWS\System32\GDI32.dll
0x00007ffbec090000 - 0x00007ffbec19f000 	C:\WINDOWS\System32\gdi32full.dll
0x00007ffbebab0000 - 0x00007ffbebb4d000 	C:\WINDOWS\System32\msvcp_win.dll
0x00007ffbeae40000 - 0x00007ffbeb0da000 	C:\WINDOWS\WinSxS\amd64_microsoft.windows.common-controls_6595b64144ccf1df_6.0.19041.1110_none_60b5254171f9507e\COMCTL32.dll
0x00007ffbd54f0000 - 0x00007ffbd5507000 	D:\Android Stu\jre\bin\VCRUNTIME140.dll
0x00007ffbec310000 - 0x00007ffbec3ae000 	C:\WINDOWS\System32\msvcrt.dll
0x00007ffbec450000 - 0x00007ffbec482000 	C:\WINDOWS\System32\IMM32.DLL
0x00007ffbcdc10000 - 0x00007ffbcdcad000 	D:\Android Stu\jre\bin\msvcp140.dll
0x00007ffb9df90000 - 0x00007ffb9ea5f000 	D:\Android Stu\jre\bin\server\jvm.dll
0x00007ffbed150000 - 0x00007ffbed1fe000 	C:\WINDOWS\System32\ADVAPI32.dll
0x00007ffbec3b0000 - 0x00007ffbec44c000 	C:\WINDOWS\System32\sechost.dll
0x00007ffbed3a0000 - 0x00007ffbed4c5000 	C:\WINDOWS\System32\RPCRT4.dll
0x00007ffbed6f0000 - 0x00007ffbed6f8000 	C:\WINDOWS\System32\PSAPI.DLL
0x00007ffbdff90000 - 0x00007ffbdff9a000 	C:\WINDOWS\SYSTEM32\VERSION.dll
0x00007ffbdffa0000 - 0x00007ffbdffc7000 	C:\WINDOWS\SYSTEM32\WINMM.dll
0x00007ffbd76d0000 - 0x00007ffbd76d9000 	C:\WINDOWS\SYSTEM32\WSOCK32.dll
0x00007ffbecb30000 - 0x00007ffbecb9b000 	C:\WINDOWS\System32\ws2_32.DLL
0x00007ffbe9bf0000 - 0x00007ffbe9c02000 	C:\WINDOWS\SYSTEM32\kernel.appcore.dll
0x00007ffbe5d80000 - 0x00007ffbe5d91000 	D:\Android Stu\jre\bin\verify.dll
0x00007ffbeb2e0000 - 0x00007ffbeb4c4000 	C:\WINDOWS\SYSTEM32\DBGHELP.DLL
0x00007ffbeb2a0000 - 0x00007ffbeb2d5000 	C:\WINDOWS\SYSTEM32\dbgcore.DLL
0x00007ffbeb9c0000 - 0x00007ffbeba42000 	C:\WINDOWS\System32\bcryptPrimitives.dll
0x00007ffbe50a0000 - 0x00007ffbe50c9000 	D:\Android Stu\jre\bin\java.dll
0x00007ffbe5fc0000 - 0x00007ffbe5fcb000 	D:\Android Stu\jre\bin\jimage.dll
0x00007ffbe5bd0000 - 0x00007ffbe5be8000 	D:\Android Stu\jre\bin\zip.dll
0x00007ffbed9d0000 - 0x00007ffbee115000 	C:\WINDOWS\System32\SHELL32.dll
0x00007ffbe8fd0000 - 0x00007ffbe9762000 	C:\WINDOWS\SYSTEM32\windows.storage.dll
0x00007ffbec7d0000 - 0x00007ffbecb25000 	C:\WINDOWS\System32\combase.dll
0x00007ffbeab80000 - 0x00007ffbeabb0000 	C:\WINDOWS\SYSTEM32\Wldp.dll
0x00007ffbed0a0000 - 0x00007ffbed14d000 	C:\WINDOWS\System32\SHCORE.dll
0x00007ffbec4a0000 - 0x00007ffbec4f5000 	C:\WINDOWS\System32\shlwapi.dll
0x00007ffbeb900000 - 0x00007ffbeb91f000 	C:\WINDOWS\SYSTEM32\profapi.dll
0x00007ffbe5080000 - 0x00007ffbe509a000 	D:\Android Stu\jre\bin\net.dll
0x00007ffbe33c0000 - 0x00007ffbe34cc000 	C:\WINDOWS\SYSTEM32\WINHTTP.dll
0x00007ffbea9f0000 - 0x00007ffbeaa5a000 	C:\WINDOWS\system32\mswsock.dll
0x00007ffbe5060000 - 0x00007ffbe5074000 	D:\Android Stu\jre\bin\nio.dll
0x00007ffbd9730000 - 0x00007ffbd9757000 	C:\Users\nkeih\.gradle\native\8bec1ad78214c89d9ad589b4d07fe93259594b29d510b10fafb7a158f7737e5d\windows-amd64\native-platform.dll
0x00007ffbcda90000 - 0x00007ffbcdbcd000 	C:\Users\nkeih\.gradle\native\53dbd7edfb1c66fb8903c78663c9afc45aea4f116125fa6feffd364cf09443e8\windows-amd64\native-platform-file-events.dll
0x00007ffbe5d70000 - 0x00007ffbe5d7a000 	D:\Android Stu\jre\bin\management.dll
0x00007ffbe5d40000 - 0x00007ffbe5d4c000 	D:\Android Stu\jre\bin\management_ext.dll
0x00007ffbeb670000 - 0x00007ffbeb688000 	C:\WINDOWS\SYSTEM32\CRYPTSP.dll
0x00007ffbea390000 - 0x00007ffbea3c4000 	C:\WINDOWS\system32\rsaenh.dll
0x00007ffbeba80000 - 0x00007ffbebaa7000 	C:\WINDOWS\System32\bcrypt.dll
0x00007ffbeb8c0000 - 0x00007ffbeb8ee000 	C:\WINDOWS\SYSTEM32\USERENV.dll
0x00007ffbeac30000 - 0x00007ffbeac3c000 	C:\WINDOWS\SYSTEM32\CRYPTBASE.dll
0x00007ffbea700000 - 0x00007ffbea73b000 	C:\WINDOWS\SYSTEM32\IPHLPAPI.DLL
0x00007ffbec490000 - 0x00007ffbec498000 	C:\WINDOWS\System32\NSI.dll
0x00007ffbe40f0000 - 0x00007ffbe4107000 	C:\WINDOWS\SYSTEM32\dhcpcsvc6.DLL
0x00007ffbe40b0000 - 0x00007ffbe40cd000 	C:\WINDOWS\SYSTEM32\dhcpcsvc.DLL
0x00007ffbea740000 - 0x00007ffbea80b000 	C:\WINDOWS\SYSTEM32\DNSAPI.dll

dbghelp: loaded successfully - version: 4.0.5 - missing functions: none
symbol engine: initialized successfully - sym options: 0x614 - pdb path: .;D:\Android Stu\jre\bin;C:\WINDOWS\SYSTEM32;C:\WINDOWS\WinSxS\amd64_microsoft.windows.common-controls_6595b64144ccf1df_6.0.19041.1110_none_60b5254171f9507e;D:\Android Stu\jre\bin\server;C:\Users\nkeih\.gradle\native\8bec1ad78214c89d9ad589b4d07fe93259594b29d510b10fafb7a158f7737e5d\windows-amd64;C:\Users\nkeih\.gradle\native\53dbd7edfb1c66fb8903c78663c9afc45aea4f116125fa6feffd364cf09443e8\windows-amd64

VM Arguments:
jvm_args: --add-opens=java.base/java.util=ALL-UNNAMED --add-opens=java.base/java.lang=ALL-UNNAMED --add-opens=java.base/java.lang.invoke=ALL-UNNAMED --add-opens=java.base/java.util=ALL-UNNAMED --add-opens=java.prefs/java.util.prefs=ALL-UNNAMED --add-opens=java.prefs/java.util.prefs=ALL-UNNAMED --add-opens=java.base/java.nio.charset=ALL-UNNAMED --add-opens=java.base/java.net=ALL-UNNAMED --add-opens=java.base/java.util.concurrent.atomic=ALL-UNNAMED -Xmx2048m -Dfile.encoding=UTF-8 -Duser.country=MY -Duser.language=en -Duser.variant 
java_command: org.gradle.launcher.daemon.bootstrap.GradleDaemon 7.0.2
java_class_path (initial): C:\Users\nkeih\.gradle\wrapper\dists\gradle-7.0.2-bin\857tjihv64xamwrf0h14cai3r\gradle-7.0.2\lib\gradle-launcher-7.0.2.jar
Launcher Type: SUN_STANDARD

[Global flags]
     intx CICompilerCount                          = 4                                         {product} {ergonomic}
     uint ConcGCThreads                            = 2                                         {product} {ergonomic}
     uint G1ConcRefinementThreads                  = 8                                         {product} {ergonomic}
   size_t G1HeapRegionSize                         = 1048576                                   {product} {ergonomic}
    uintx GCDrainStackTargetSize                   = 64                                        {product} {ergonomic}
   size_t InitialHeapSize                          = 117440512                                 {product} {ergonomic}
   size_t MarkStackSize                            = 4194304                                   {product} {ergonomic}
   size_t MaxHeapSize                              = 2147483648                                {product} {command line}
   size_t MaxNewSize                               = 1287651328                                {product} {ergonomic}
   size_t MinHeapDeltaBytes                        = 1048576                                   {product} {ergonomic}
    uintx NonNMethodCodeHeapSize                   = 5836300                                {pd product} {ergonomic}
    uintx NonProfiledCodeHeapSize                  = 122910970                              {pd product} {ergonomic}
    uintx ProfiledCodeHeapSize                     = 122910970                              {pd product} {ergonomic}
    uintx ReservedCodeCacheSize                    = 251658240                              {pd product} {ergonomic}
     bool SegmentedCodeCache                       = true                                      {product} {ergonomic}
     bool UseCompressedClassPointers               = true                                 {lp64_product} {ergonomic}
     bool UseCompressedOops                        = true                                 {lp64_product} {ergonomic}
     bool UseG1GC                                  = true                                      {product} {ergonomic}
     bool UseLargePagesIndividualAllocation        = false                                  {pd product} {ergonomic}

Logging:
Log output configuration:
 #0: stdout all=warning uptime,level,tags
 #1: stderr all=off uptime,level,tags

Environment Variables:
JAVA_HOME=C:\Program Files\Java\jdk-11.0.4
PATH=C:\Program Files\Java\jdk-11.0.4\bin;D:\Year 2\VMMARE PLAYER\bin\;D:\app\oracle\product\11.2.0\server\bin;C:\WINDOWS\system32;C:\WINDOWS;C:\WINDOWS\System32\Wbem;C:\WINDOWS\System32\WindowsPowerShell\v1.0\;C:\WINDOWS\System32\OpenSSH\;C:\Program Files\Microsoft SQL Server\130\Tools\Binn\;C:\Program Files\Git\cmd;C:\Program Files\nodejs\;C:\Users\nkeih\AppData\Local\Pub\Cache\bin;C:\Program Files (x86)\Gpg4win\..\GnuPG\bin;C:\Program Files\PostgreSQL\14\bin;C:\Users\nkeih\Documents\wildfly-17.0.1.Final\bin;C:\Users\nkeih\AppData\Local\Microsoft\WindowsApps;C:\flutter\bin;C:\Users\nkeih\AppData\Local\Programs\Microsoft VS Code\bin;C:\Users\nkeih\AppData\Roaming\npm;C:\Users\nkeih\AppData\Local\Pub\Cache\bin;;D:\IntelliJ IDEA 2022.3.2\bin;
USERNAME=nkeih
OS=Windows_NT
PROCESSOR_IDENTIFIER=AMD64 Family 23 Model 24 Stepping 1, AuthenticAMD



---------------  S Y S T E M  ---------------

OS: Windows 10 , 64 bit Build 19041 (10.0.19041.2546)
OS uptime: 0 days 19:38 hours

CPU:total 8 (initial active 8) (8 cores per cpu, 2 threads per core) family 23 model 24 stepping 1 microcode 0x0, cmov, cx8, fxsr, mmx, sse, sse2, sse3, ssse3, sse4.1, sse4.2, popcnt, avx, avx2, aes, clmul, mmxext, 3dnowpref, lzcnt, sse4a, ht, tsc, tscinvbit, tscinv, bmi1, bmi2, adx, s

Memory: 4k page, system-wide physical 7103M (683M free)
TotalPageFile size 17855M (AvailPageFile size 8055M)
current process WorkingSet (physical memory assigned to process): 305M, peak: 305M
current process commit charge ("private bytes"): 341M, peak: 341M

vm_info: OpenJDK 64-Bit Server VM (11.0.10+0-b96-7249189) for windows-amd64 JRE (11.0.10+0-b96-7249189), built on Mar 31 2021 21:44:00 by "builder" with MS VC++ 14.0 (VS2015)

END.
